<?xml version="1.0" encoding="UTF-8"?>
<!-- Generated by org.testng.reporters.JUnitXMLReporter -->
<testsuite hostname="DESKTOP-69DN8M1" ignored="0" name="Default test" tests="4" failures="0" timestamp="2021-07-09T23:34:26 IST" time="0.069" errors="0">
  <testcase name="login" time="0.008" classname="com.testNG.com.Data_providertest"/>
  <testcase name="login" time="0.008" classname="com.testNG.com.Data_providertest"/>
  <testcase name="login" time="0.005" classname="com.testNG.com.Data_providertest"/>
  <testcase name="login" time="0.002" classname="com.testNG.com.Data_providertest"/>
</testsuite> <!-- Default test -->
